<?xml version="1.0" encoding="UTF-8"?>
<testsuite xmlns:xsi="http://www.w3.org/2001/XMLSchema-instance" xsi:noNamespaceSchemaLocation="https://maven.apache.org/surefire/maven-surefire-plugin/xsd/surefire-test-report-3.0.xsd" version="3.0" name="Testsuite.BaseTests" time="15.447" tests="4" errors="0" skipped="3" failures="1">
  <properties>
    <property name="gopherProxySet" value="false"/>
    <property name="awt.toolkit" value="sun.lwawt.macosx.LWCToolkit"/>
    <property name="file.encoding.pkg" value="sun.io"/>
    <property name="java.specification.version" value="1.8"/>
    <property name="sun.cpu.isalist" value=""/>
    <property name="sun.jnu.encoding" value="UTF-8"/>
    <property name="java.class.path" value="/Users/pboopathi/Documents/Priya/PETproject/Selenium_POM_Project/target/test-classes:/Users/pboopathi/Documents/Priya/PETproject/Selenium_POM_Project/target/classes:/Users/pboopathi/.m2/raptor2/org/seleniumhq/selenium/selenium-java/3.141.59/selenium-java-3.141.59.jar:/Users/pboopathi/.m2/raptor2/org/seleniumhq/selenium/selenium-api/3.141.59/selenium-api-3.141.59.jar:/Users/pboopathi/.m2/raptor2/org/seleniumhq/selenium/selenium-chrome-driver/3.141.59/selenium-chrome-driver-3.141.59.jar:/Users/pboopathi/.m2/raptor2/org/seleniumhq/selenium/selenium-edge-driver/3.141.59/selenium-edge-driver-3.141.59.jar:/Users/pboopathi/.m2/raptor2/org/seleniumhq/selenium/selenium-firefox-driver/3.141.59/selenium-firefox-driver-3.141.59.jar:/Users/pboopathi/.m2/raptor2/org/seleniumhq/selenium/selenium-ie-driver/3.141.59/selenium-ie-driver-3.141.59.jar:/Users/pboopathi/.m2/raptor2/org/seleniumhq/selenium/selenium-opera-driver/3.141.59/selenium-opera-driver-3.141.59.jar:/Users/pboopathi/.m2/raptor2/org/seleniumhq/selenium/selenium-remote-driver/3.141.59/selenium-remote-driver-3.141.59.jar:/Users/pboopathi/.m2/raptor2/org/seleniumhq/selenium/selenium-safari-driver/3.141.59/selenium-safari-driver-3.141.59.jar:/Users/pboopathi/.m2/raptor2/org/seleniumhq/selenium/selenium-support/3.141.59/selenium-support-3.141.59.jar:/Users/pboopathi/.m2/raptor2/net/bytebuddy/byte-buddy/1.8.15/byte-buddy-1.8.15.jar:/Users/pboopathi/.m2/raptor2/org/apache/commons/commons-exec/1.3/commons-exec-1.3.jar:/Users/pboopathi/.m2/raptor2/com/squareup/okhttp3/okhttp/3.11.0/okhttp-3.11.0.jar:/Users/pboopathi/.m2/raptor2/com/squareup/okio/okio/1.14.0/okio-1.14.0.jar:/Users/pboopathi/.m2/raptor2/org/testng/testng/6.8/testng-6.8.jar:/Users/pboopathi/.m2/raptor2/junit/junit/4.10/junit-4.10.jar:/Users/pboopathi/.m2/raptor2/org/beanshell/bsh/2.0b4/bsh-2.0b4.jar:/Users/pboopathi/.m2/raptor2/com/beust/jcommander/1.27/jcommander-1.27.jar:/Users/pboopathi/.m2/raptor2/org/yaml/snakeyaml/1.6/snakeyaml-1.6.jar:/Users/pboopathi/.m2/raptor2/org/apache/logging/log4j/log4j-core/2.6.2/log4j-core-2.6.2.jar:/Users/pboopathi/.m2/raptor2/org/apache/logging/log4j/log4j-api/2.6.2/log4j-api-2.6.2.jar:/Users/pboopathi/.m2/raptor2/ru/yandex/qatools/ashot/ashot/1.5.4/ashot-1.5.4.jar:/Users/pboopathi/.m2/raptor2/commons-io/commons-io/2.5/commons-io-2.5.jar:/Users/pboopathi/.m2/raptor2/com/google/code/gson/gson/2.6.2/gson-2.6.2.jar:/Users/pboopathi/.m2/raptor2/org/hamcrest/hamcrest-core/1.3/hamcrest-core-1.3.jar:/Users/pboopathi/.m2/raptor2/com/google/guava/guava/28.0-jre/guava-28.0-jre.jar:/Users/pboopathi/.m2/raptor2/com/google/guava/failureaccess/1.0.1/failureaccess-1.0.1.jar:/Users/pboopathi/.m2/raptor2/com/google/guava/listenablefuture/9999.0-empty-to-avoid-conflict-with-guava/listenablefuture-9999.0-empty-to-avoid-conflict-with-guava.jar:/Users/pboopathi/.m2/raptor2/com/google/code/findbugs/jsr305/3.0.2/jsr305-3.0.2.jar:/Users/pboopathi/.m2/raptor2/org/checkerframework/checker-qual/2.8.1/checker-qual-2.8.1.jar:/Users/pboopathi/.m2/raptor2/com/google/errorprone/error_prone_annotations/2.3.2/error_prone_annotations-2.3.2.jar:/Users/pboopathi/.m2/raptor2/com/google/j2objc/j2objc-annotations/1.3/j2objc-annotations-1.3.jar:/Users/pboopathi/.m2/raptor2/org/codehaus/mojo/animal-sniffer-annotations/1.17/animal-sniffer-annotations-1.17.jar:/Users/pboopathi/.m2/raptor2/org/apache/poi/poi/3.17/poi-3.17.jar:/Users/pboopathi/.m2/raptor2/commons-codec/commons-codec/1.10/commons-codec-1.10.jar:/Users/pboopathi/.m2/raptor2/org/apache/commons/commons-collections4/4.1/commons-collections4-4.1.jar:/Users/pboopathi/.m2/raptor2/org/apache/poi/poi-ooxml/3.9/poi-ooxml-3.9.jar:/Users/pboopathi/.m2/raptor2/org/apache/poi/poi-ooxml-schemas/3.9/poi-ooxml-schemas-3.9.jar:/Users/pboopathi/.m2/raptor2/org/apache/xmlbeans/xmlbeans/2.3.0/xmlbeans-2.3.0.jar:/Users/pboopathi/.m2/raptor2/stax/stax-api/1.0.1/stax-api-1.0.1.jar:/Users/pboopathi/.m2/raptor2/dom4j/dom4j/1.6.1/dom4j-1.6.1.jar:/Users/pboopathi/.m2/raptor2/xml-apis/xml-apis/1.0.b2/xml-apis-1.0.b2.jar:"/>
    <property name="java.vm.vendor" value="Oracle Corporation"/>
    <property name="sun.arch.data.model" value="64"/>
    <property name="java.vendor.url" value="http://java.oracle.com/"/>
    <property name="user.timezone" value="America/Los_Angeles"/>
    <property name="java.vm.specification.version" value="1.8"/>
    <property name="os.name" value="Mac OS X"/>
    <property name="user.country" value="US"/>
    <property name="sun.java.launcher" value="SUN_STANDARD"/>
    <property name="sun.boot.library.path" value="/Library/Java/JavaVirtualMachines/jdk1.8.0_251.jdk/Contents/Home/jre/lib"/>
    <property name="sun.java.command" value="/Users/pboopathi/Documents/Priya/PETproject/Selenium_POM_Project/target/surefire/surefirebooter8277417042360500032.jar /Users/pboopathi/Documents/Priya/PETproject/Selenium_POM_Project/target/surefire 2020-11-02T21-43-31_143-jvmRun1 surefire3284258884002419000tmp surefire_08406188366628968163tmp"/>
    <property name="surefire.test.class.path" value="/Users/pboopathi/Documents/Priya/PETproject/Selenium_POM_Project/target/test-classes:/Users/pboopathi/Documents/Priya/PETproject/Selenium_POM_Project/target/classes:/Users/pboopathi/.m2/raptor2/org/seleniumhq/selenium/selenium-java/3.141.59/selenium-java-3.141.59.jar:/Users/pboopathi/.m2/raptor2/org/seleniumhq/selenium/selenium-api/3.141.59/selenium-api-3.141.59.jar:/Users/pboopathi/.m2/raptor2/org/seleniumhq/selenium/selenium-chrome-driver/3.141.59/selenium-chrome-driver-3.141.59.jar:/Users/pboopathi/.m2/raptor2/org/seleniumhq/selenium/selenium-edge-driver/3.141.59/selenium-edge-driver-3.141.59.jar:/Users/pboopathi/.m2/raptor2/org/seleniumhq/selenium/selenium-firefox-driver/3.141.59/selenium-firefox-driver-3.141.59.jar:/Users/pboopathi/.m2/raptor2/org/seleniumhq/selenium/selenium-ie-driver/3.141.59/selenium-ie-driver-3.141.59.jar:/Users/pboopathi/.m2/raptor2/org/seleniumhq/selenium/selenium-opera-driver/3.141.59/selenium-opera-driver-3.141.59.jar:/Users/pboopathi/.m2/raptor2/org/seleniumhq/selenium/selenium-remote-driver/3.141.59/selenium-remote-driver-3.141.59.jar:/Users/pboopathi/.m2/raptor2/org/seleniumhq/selenium/selenium-safari-driver/3.141.59/selenium-safari-driver-3.141.59.jar:/Users/pboopathi/.m2/raptor2/org/seleniumhq/selenium/selenium-support/3.141.59/selenium-support-3.141.59.jar:/Users/pboopathi/.m2/raptor2/net/bytebuddy/byte-buddy/1.8.15/byte-buddy-1.8.15.jar:/Users/pboopathi/.m2/raptor2/org/apache/commons/commons-exec/1.3/commons-exec-1.3.jar:/Users/pboopathi/.m2/raptor2/com/squareup/okhttp3/okhttp/3.11.0/okhttp-3.11.0.jar:/Users/pboopathi/.m2/raptor2/com/squareup/okio/okio/1.14.0/okio-1.14.0.jar:/Users/pboopathi/.m2/raptor2/org/testng/testng/6.8/testng-6.8.jar:/Users/pboopathi/.m2/raptor2/junit/junit/4.10/junit-4.10.jar:/Users/pboopathi/.m2/raptor2/org/beanshell/bsh/2.0b4/bsh-2.0b4.jar:/Users/pboopathi/.m2/raptor2/com/beust/jcommander/1.27/jcommander-1.27.jar:/Users/pboopathi/.m2/raptor2/org/yaml/snakeyaml/1.6/snakeyaml-1.6.jar:/Users/pboopathi/.m2/raptor2/org/apache/logging/log4j/log4j-core/2.6.2/log4j-core-2.6.2.jar:/Users/pboopathi/.m2/raptor2/org/apache/logging/log4j/log4j-api/2.6.2/log4j-api-2.6.2.jar:/Users/pboopathi/.m2/raptor2/ru/yandex/qatools/ashot/ashot/1.5.4/ashot-1.5.4.jar:/Users/pboopathi/.m2/raptor2/commons-io/commons-io/2.5/commons-io-2.5.jar:/Users/pboopathi/.m2/raptor2/com/google/code/gson/gson/2.6.2/gson-2.6.2.jar:/Users/pboopathi/.m2/raptor2/org/hamcrest/hamcrest-core/1.3/hamcrest-core-1.3.jar:/Users/pboopathi/.m2/raptor2/com/google/guava/guava/28.0-jre/guava-28.0-jre.jar:/Users/pboopathi/.m2/raptor2/com/google/guava/failureaccess/1.0.1/failureaccess-1.0.1.jar:/Users/pboopathi/.m2/raptor2/com/google/guava/listenablefuture/9999.0-empty-to-avoid-conflict-with-guava/listenablefuture-9999.0-empty-to-avoid-conflict-with-guava.jar:/Users/pboopathi/.m2/raptor2/com/google/code/findbugs/jsr305/3.0.2/jsr305-3.0.2.jar:/Users/pboopathi/.m2/raptor2/org/checkerframework/checker-qual/2.8.1/checker-qual-2.8.1.jar:/Users/pboopathi/.m2/raptor2/com/google/errorprone/error_prone_annotations/2.3.2/error_prone_annotations-2.3.2.jar:/Users/pboopathi/.m2/raptor2/com/google/j2objc/j2objc-annotations/1.3/j2objc-annotations-1.3.jar:/Users/pboopathi/.m2/raptor2/org/codehaus/mojo/animal-sniffer-annotations/1.17/animal-sniffer-annotations-1.17.jar:/Users/pboopathi/.m2/raptor2/org/apache/poi/poi/3.17/poi-3.17.jar:/Users/pboopathi/.m2/raptor2/commons-codec/commons-codec/1.10/commons-codec-1.10.jar:/Users/pboopathi/.m2/raptor2/org/apache/commons/commons-collections4/4.1/commons-collections4-4.1.jar:/Users/pboopathi/.m2/raptor2/org/apache/poi/poi-ooxml/3.9/poi-ooxml-3.9.jar:/Users/pboopathi/.m2/raptor2/org/apache/poi/poi-ooxml-schemas/3.9/poi-ooxml-schemas-3.9.jar:/Users/pboopathi/.m2/raptor2/org/apache/xmlbeans/xmlbeans/2.3.0/xmlbeans-2.3.0.jar:/Users/pboopathi/.m2/raptor2/stax/stax-api/1.0.1/stax-api-1.0.1.jar:/Users/pboopathi/.m2/raptor2/dom4j/dom4j/1.6.1/dom4j-1.6.1.jar:/Users/pboopathi/.m2/raptor2/xml-apis/xml-apis/1.0.b2/xml-apis-1.0.b2.jar:"/>
    <property name="sun.cpu.endian" value="little"/>
    <property name="user.home" value="/Users/pboopathi"/>
    <property name="user.language" value="en"/>
    <property name="java.specification.vendor" value="Oracle Corporation"/>
    <property name="java.home" value="/Library/Java/JavaVirtualMachines/jdk1.8.0_251.jdk/Contents/Home/jre"/>
    <property name="basedir" value="/Users/pboopathi/Documents/Priya/PETproject/Selenium_POM_Project"/>
    <property name="file.separator" value="/"/>
    <property name="line.separator" value="&#10;"/>
    <property name="java.vm.specification.vendor" value="Oracle Corporation"/>
    <property name="java.specification.name" value="Java Platform API Specification"/>
    <property name="java.awt.graphicsenv" value="sun.awt.CGraphicsEnvironment"/>
    <property name="surefire.real.class.path" value="/Users/pboopathi/Documents/Priya/PETproject/Selenium_POM_Project/target/surefire/surefirebooter8277417042360500032.jar"/>
    <property name="sun.boot.class.path" value="/Library/Java/JavaVirtualMachines/jdk1.8.0_251.jdk/Contents/Home/jre/lib/resources.jar:/Library/Java/JavaVirtualMachines/jdk1.8.0_251.jdk/Contents/Home/jre/lib/rt.jar:/Library/Java/JavaVirtualMachines/jdk1.8.0_251.jdk/Contents/Home/jre/lib/sunrsasign.jar:/Library/Java/JavaVirtualMachines/jdk1.8.0_251.jdk/Contents/Home/jre/lib/jsse.jar:/Library/Java/JavaVirtualMachines/jdk1.8.0_251.jdk/Contents/Home/jre/lib/jce.jar:/Library/Java/JavaVirtualMachines/jdk1.8.0_251.jdk/Contents/Home/jre/lib/charsets.jar:/Library/Java/JavaVirtualMachines/jdk1.8.0_251.jdk/Contents/Home/jre/lib/jfr.jar:/Library/Java/JavaVirtualMachines/jdk1.8.0_251.jdk/Contents/Home/jre/classes"/>
    <property name="sun.management.compiler" value="HotSpot 64-Bit Tiered Compilers"/>
    <property name="java.runtime.version" value="1.8.0_251-b08"/>
    <property name="user.name" value="pboopathi"/>
    <property name="path.separator" value=":"/>
    <property name="os.version" value="10.15.4"/>
    <property name="java.endorsed.dirs" value="/Library/Java/JavaVirtualMachines/jdk1.8.0_251.jdk/Contents/Home/jre/lib/endorsed"/>
    <property name="java.runtime.name" value="Java(TM) SE Runtime Environment"/>
    <property name="file.encoding" value="UTF-8"/>
    <property name="java.vm.name" value="Java HotSpot(TM) 64-Bit Server VM"/>
    <property name="localRepository" value="/Users/pboopathi/.m2/raptor2"/>
    <property name="java.vendor.url.bug" value="http://bugreport.sun.com/bugreport/"/>
    <property name="java.io.tmpdir" value="/var/folders/7d/lvbycdhd0kzcjgw3h8d621jm39d8_c/T/"/>
    <property name="java.version" value="1.8.0_251"/>
    <property name="user.dir" value="/Users/pboopathi/Documents/Priya/PETproject/Selenium_POM_Project"/>
    <property name="os.arch" value="x86_64"/>
    <property name="java.vm.specification.name" value="Java Virtual Machine Specification"/>
    <property name="java.awt.printerjob" value="sun.lwawt.macosx.CPrinterJob"/>
    <property name="sun.os.patch.level" value="unknown"/>
    <property name="java.library.path" value="/Users/pboopathi/Library/Java/Extensions:/Library/Java/Extensions:/Network/Library/Java/Extensions:/System/Library/Java/Extensions:/usr/lib/java:."/>
    <property name="java.vm.info" value="mixed mode"/>
    <property name="java.vendor" value="Oracle Corporation"/>
    <property name="java.vm.version" value="25.251-b08"/>
    <property name="java.ext.dirs" value="/Users/pboopathi/Library/Java/Extensions:/Library/Java/JavaVirtualMachines/jdk1.8.0_251.jdk/Contents/Home/jre/lib/ext:/Library/Java/Extensions:/Network/Library/Java/Extensions:/System/Library/Java/Extensions:/usr/lib/java"/>
    <property name="sun.io.unicode.encoding" value="UnicodeBig"/>
    <property name="java.class.version" value="52.0"/>
  </properties>
  <testcase name="setup" classname="Testsuite.BaseTests" time="5.371">
    <failure message="&#10;Parameter &apos;browser&apos; is required by @Configuration on method setup but has not been marked @Optional or defined&#10;" type="org.testng.TestNGException"><![CDATA[org.testng.TestNGException: 

Parameter 'browser' is required by @Configuration on method setup but has not been marked @Optional or defined

]]></failure>
    <system-out><![CDATA[[INFO ] 2020-11-02 21:43:41.920 [main] Setup - Test completed
]]></system-out>
  </testcase>
  <testcase name="navigate_to_home_page" classname="Testsuite.BaseTests" time="0">
    <skipped/>
  </testcase>
  <testcase name="TearDown" classname="Testsuite.BaseTests" time="0">
    <skipped/>
  </testcase>
  <testcase name="DataDrivenTesting" classname="Testsuite.BaseTests" time="0">
    <skipped message="&#10;DataProvider should be static: public java.lang.Object[][] DataProvider.DataProviderForExcel.excelDP() throws java.io.IOException"/>
  </testcase>
</testsuite>